Arguments: 
  /usr/local/bin/node /usr/local/Cellar/yarn/1.3.2/libexec/bin/yarn.js init

PATH: 
  /Users/hehk/.cargo/bin:/Users/hehk/.opam/4.02.3/bin:/usr/local/bin:/usr/bin:/bin:/usr/sbin:/sbin:/Users/hehk/.cargo/bin:/Users/hehk/.opam/4.02.3/bin:/Users/hehk/bin:/Users/hehk/wrk/go/bin:/Users/hehk/bin:/Users/hehk/wrk/go/bin

Yarn version: 
  1.3.2

Node version: 
  9.6.1

Platform: 
  darwin x64

npm manifest: 
  {
    "name": "new-30s",
    "version": "0.1.0",
    "scripts": {
      "build": "bsb -make-world",
      "start": "bsb -make-world -w",
      "clean": "bsb -clean-world"
    },
    "keywords": [
      "BuckleScript"
    ],
    "author": "",
    "license": "MIT",
    "devDependencies": {
      "bs-platform": "^2.2.2"
    }
  }

yarn manifest: 
  No manifest

Lockfile: 
  No lockfile

Trace: 
  Error: canceled
      at Interface.<anonymous> (/usr/local/Cellar/yarn/1.3.2/libexec/lib/cli.js:121045:13)
      at Interface.emit (events.js:127:13)
      at Interface._ttyWrite (readline.js:783:16)
      at ReadStream.onkeypress (readline.js:163:10)
      at ReadStream.emit (events.js:127:13)
      at emitKeys (internal/readline.js:420:14)
      at emitKeys.next (<anonymous>)
      at ReadStream.onData (readline.js:1019:36)
      at ReadStream.emit (events.js:127:13)
      at addChunk (_stream_readable.js:269:12)
